Tue May 20 2014 22:41:08 GMT-0700 (Pacific Daylight Time):
{ [Error: User Realm Discovery request returned http error: 400]
  stack: [Getter/Setter],
  __frame: 
   { name: '__7',
     line: 171,
     file: 'C:\\Users\\Cody\\AppData\\Roaming\\npm\\node_modules\\azure-cli\\lib\\commands\\account._js',
     prev: undefined,
     active: false,
     offset: 35,
     col: 31 },
  rawStack: [Getter] }
Error: User Realm Discovery request returned http error: 400
    at Logger.createError (C:\Users\Cody\AppData\Roaming\npm\node_modules\azure-cli\node_modules\adal-node\lib\log.js:196:13)
    at Request._callback (C:\Users\Cody\AppData\Roaming\npm\node_modules\azure-cli\node_modules\adal-node\lib\util.js:112:25)
    at Request.self.callback (C:\Users\Cody\AppData\Roaming\npm\node_modules\azure-cli\node_modules\request\request.js:129:22)
    at Request.EventEmitter.emit (events.js:98:17)
    at Request.<anonymous> (C:\Users\Cody\AppData\Roaming\npm\node_modules\azure-cli\node_modules\request\request.js:873:14)
    at Request.EventEmitter.emit (events.js:117:20)
    at IncomingMessage.<anonymous> (C:\Users\Cody\AppData\Roaming\npm\node_modules\azure-cli\node_modules\request\request.js:824:12)
    at IncomingMessage.EventEmitter.emit (events.js:117:20)
    at _stream_readable.js:920:16
    at process._tickCallback (node.js:415:13)
    at __7 (C:\Users\Cody\AppData\Roaming\npm\node_modules\azure-cli\lib\commands\account._js:206:31)

